d:\кпо\2\laba__20\debug\vc143.pdb
d:\кпо\2\laba__20\debug\vc143.idb
d:\кпо\2\laba__20\debug\parm.obj
d:\кпо\2\laba__20\debug\out.obj
d:\кпо\2\laba__20\debug\mfst.obj
d:\кпо\2\laba__20\debug\lt.obj
d:\кпо\2\laba__20\debug\log.obj
d:\кпо\2\laba__20\debug\lexicalanalize.obj
d:\кпо\2\laba__20\debug\it.obj
d:\кпо\2\laba__20\debug\in.obj
d:\кпо\2\laba__20\debug\grb.obj
d:\кпо\2\laba__20\debug\fst.obj
d:\кпо\2\laba__20\debug\error.obj
d:\кпо\2\laba__20\debug\control.obj
d:\кпо\2\laba__20\debug\laba__20.tlog\cl.command.1.tlog
d:\кпо\2\laba__20\debug\laba__20.tlog\cl.read.1.tlog
d:\кпо\2\laba__20\debug\laba__20.tlog\cl.write.1.tlog
d:\кпо\2\laba__20\debug\laba__20.tlog\link.command.1.tlog
d:\кпо\2\laba__20\debug\laba__20.tlog\link.read.1.tlog
d:\кпо\2\laba__20\debug\laba__20.tlog\link.write.1.tlog
