d:\курс_2\сем1\кпо\lab20\project1\debug\vc143.pdb
d:\курс_2\сем1\кпо\lab20\project1\debug\vc143.idb
d:\курс_2\сем1\кпо\lab20\project1\debug\parm.obj
d:\курс_2\сем1\кпо\lab20\project1\debug\out.obj
d:\курс_2\сем1\кпо\lab20\project1\debug\main.obj
d:\курс_2\сем1\кпо\lab20\project1\debug\log.obj
d:\курс_2\сем1\кпо\lab20\project1\debug\in.obj
d:\курс_2\сем1\кпо\lab20\project1\debug\it.obj
d:\курс_2\сем1\кпо\lab20\project1\debug\fst.obj
d:\курс_2\сем1\кпо\lab20\project1\debug\error.obj
d:\курс_2\сем1\кпо\lab20\project1\debug\lt.obj
d:\курс_2\сем1\кпо\lab20\project1\debug\lex.obj
d:\курс_2\сем1\кпо\lab20\project1\debug\analize.obj
d:\курс_2\сем1\кпо\lab20\project1\debug\lab20.exe
d:\курс_2\сем1\кпо\lab20\project1\debug\lab20.ilk
d:\курс_2\сем1\кпо\lab20\project1\debug\lab20.pdb
d:\курс_2\сем1\кпо\lab20\project1\debug\lab20.tlog\cl.command.1.tlog
d:\курс_2\сем1\кпо\lab20\project1\debug\lab20.tlog\cl.read.1.tlog
d:\курс_2\сем1\кпо\lab20\project1\debug\lab20.tlog\cl.write.1.tlog
d:\курс_2\сем1\кпо\lab20\project1\debug\lab20.tlog\link.command.1.tlog
d:\курс_2\сем1\кпо\lab20\project1\debug\lab20.tlog\link.read.1.tlog
d:\курс_2\сем1\кпо\lab20\project1\debug\lab20.tlog\link.write.1.tlog
