  ConcurrentServer.cpp
E:\2_курс\4сем\ПСП\Lab8\ConcurrentServer\ConcurrentServer.cpp(72,3): error C4996: 'strcpy': This function or variable may be unsafe. Consider using strcpy_s instead. To disable deprecation, use _CRT_SECURE_NO_WARNINGS. See online help for details.
E:\2_курс\4сем\ПСП\Lab8\ConcurrentServer\ConcurrentServer.cpp(79,3): error C4996: 'strcpy': This function or variable may be unsafe. Consider using strcpy_s instead. To disable deprecation, use _CRT_SECURE_NO_WARNINGS. See online help for details.
E:\2_курс\4сем\ПСП\Lab8\ConcurrentServer\ConcurrentServer.cpp(254,3): error C4996: 'sprintf': This function or variable may be unsafe. Consider using sprintf_s instead. To disable deprecation, use _CRT_SECURE_NO_WARNINGS. See online help for details.
E:\2_курс\4сем\ПСП\Lab8\ConcurrentServer\ConcurrentServer.cpp(291,6): error C4996: 'sprintf': This function or variable may be unsafe. Consider using sprintf_s instead. To disable deprecation, use _CRT_SECURE_NO_WARNINGS. See online help for details.
E:\2_курс\4сем\ПСП\Lab8\ConcurrentServer\ConcurrentServer.cpp(382,6): error C4996: 'strcpy': This function or variable may be unsafe. Consider using strcpy_s instead. To disable deprecation, use _CRT_SECURE_NO_WARNINGS. See online help for details.
E:\2_курс\4сем\ПСП\Lab8\ConcurrentServer\ConcurrentServer.cpp(480,8): error C2664: "bool GetRequestFromClient(char *,short,SOCKADDR_IN *,int *)": невозможно преобразовать аргумент 1 из "const char [6]" в "char *"
E:\2_курс\4сем\ПСП\Lab8\ConcurrentServer\ConcurrentServer.cpp(480,29): message : При преобразовании из строкового литерала теряется квалификатор (см. /Zc:strictStrings)
E:\2_курс\4сем\ПСП\Lab8\ConcurrentServer\ConcurrentServer.cpp(427,6): message : см. объявление "GetRequestFromClient"
E:\2_курс\4сем\ПСП\Lab8\ConcurrentServer\ConcurrentServer.cpp(480,8): message : при попытке сопоставить список аргументов "(const char [6], int, SOCKADDR_IN *, int *)"
E:\2_курс\4сем\ПСП\Lab8\ConcurrentServer\ConcurrentServer.cpp(483,5): error C2664: "bool PutAnswerToClient(char *,sockaddr *,int *)": невозможно преобразовать аргумент 1 из "const char [6]" в "char *"
E:\2_курс\4сем\ПСП\Lab8\ConcurrentServer\ConcurrentServer.cpp(483,23): message : При преобразовании из строкового литерала теряется квалификатор (см. /Zc:strictStrings)
E:\2_курс\4сем\ПСП\Lab8\ConcurrentServer\ConcurrentServer.cpp(419,6): message : см. объявление "PutAnswerToClient"
E:\2_курс\4сем\ПСП\Lab8\ConcurrentServer\ConcurrentServer.cpp(483,5): message : при попытке сопоставить список аргументов "(const char [6], sockaddr *, int *)"
E:\2_курс\4сем\ПСП\Lab8\ConcurrentServer\ConcurrentServer.cpp(506,3): error C4996: 'strcpy': This function or variable may be unsafe. Consider using strcpy_s instead. To disable deprecation, use _CRT_SECURE_NO_WARNINGS. See online help for details.
E:\2_курс\4сем\ПСП\Lab8\ConcurrentServer\ConcurrentServer.cpp(510,3): error C4996: 'strcpy': This function or variable may be unsafe. Consider using strcpy_s instead. To disable deprecation, use _CRT_SECURE_NO_WARNINGS. See online help for details.
E:\2_курс\4сем\ПСП\Lab8\ConcurrentServer\ConcurrentServer.cpp(511,3): error C4996: 'strcpy': This function or variable may be unsafe. Consider using strcpy_s instead. To disable deprecation, use _CRT_SECURE_NO_WARNINGS. See online help for details.
E:\2_курс\4сем\ПСП\Lab8\ConcurrentServer\ConcurrentServer.cpp(515,3): error C4996: 'strcpy': This function or variable may be unsafe. Consider using strcpy_s instead. To disable deprecation, use _CRT_SECURE_NO_WARNINGS. See online help for details.
E:\2_курс\4сем\ПСП\Lab8\ConcurrentServer\ConcurrentServer.cpp(516,3): error C4996: 'strcpy': This function or variable may be unsafe. Consider using strcpy_s instead. To disable deprecation, use _CRT_SECURE_NO_WARNINGS. See online help for details.
  ErrorFunctions.cpp
  Создание кода...
